[2025-03-13 18:43:22] [INFO] Request started: /
[2025-03-13 18:43:22] [INFO] Request completed: /
[2025-03-13 18:43:25] [INFO] Request started: /?page=awards
[2025-03-13 18:43:25] [INFO] Request completed: /?page=awards
[2025-03-13 18:43:26] [INFO] Request started: /?page=mailing-list
[2025-03-13 18:43:26] [INFO] Request completed: /?page=mailing-list
[2025-03-13 18:43:27] [INFO] Request started: /?page=nets
[2025-03-13 18:43:27] [INFO] Request completed: /?page=nets
[2025-03-13 18:43:28] [INFO] Request started: /
[2025-03-13 18:43:28] [INFO] Request completed: /
[2025-03-13 18:43:38] [INFO] Request started: /favicon.ico
[2025-03-13 18:43:38] [INFO] Request completed: /favicon.ico
[2025-03-13 18:44:08] [INFO] Request started: /favicon.ico
[2025-03-13 18:44:08] [INFO] Request completed: /favicon.ico
[2025-03-13 18:44:20] [INFO] Request started: /?page=faq
[2025-03-13 18:44:20] [INFO] Request completed: /?page=faq
[2025-03-13 18:44:27] [INFO] Request started: /?page=
[2025-03-13 18:44:27] [INFO] Request completed: /?page=
[2025-03-13 18:44:30] [INFO] Request started: /?page=hh
[2025-03-13 18:44:30] [INFO] Request completed: /?page=hh
[2025-03-13 18:44:44] [INFO] Request started: /favicon.ico
[2025-03-13 18:44:44] [INFO] Request completed: /favicon.ico
[2025-03-13 18:46:40] [INFO] Request started: /?page=hh
[2025-03-13 18:46:40] [INFO] Request completed: /?page=hh
[2025-03-13 18:46:41] [INFO] Request started: /?page=hh
[2025-03-13 18:46:41] [INFO] Request completed: /?page=hh
[2025-03-13 18:46:55] [INFO] Request started: /?page=hh
[2025-03-13 18:46:55] [INFO] Request completed: /?page=hh
[2025-03-13 18:47:02] [INFO] Request started: /favicon.ico
[2025-03-13 18:47:02] [INFO] Request completed: /favicon.ico
[2025-03-13 18:48:05] [INFO] Request started: /favicon.ico
[2025-03-13 18:48:05] [INFO] Request completed: /favicon.ico
[2025-03-13 18:48:10] [INFO] Request started: /
[2025-03-13 18:48:10] [INFO] Request completed: /
[2025-03-13 18:48:48] [INFO] Request started: /
[2025-03-13 18:48:48] [INFO] Request completed: /
[2025-03-13 18:49:03] [INFO] Request started: /?page=mailing-list
[2025-03-13 18:49:03] [INFO] Request completed: /?page=mailing-list
[2025-03-13 18:49:05] [INFO] Request started: /?page=mailing-lis
[2025-03-13 18:49:05] [INFO] Request completed: /?page=mailing-lis
[2025-03-13 18:49:11] [INFO] Request started: /?page=contact
[2025-03-13 18:49:11] [INFO] Request completed: /?page=contact
[2025-03-13 18:49:20] [INFO] Request started: /?page=awards
[2025-03-13 18:49:20] [INFO] Request completed: /?page=awards
[2025-03-13 18:49:24] [INFO] Request started: /
[2025-03-13 18:49:24] [INFO] Request completed: /
